<?xml version="1.0" encoding="UTF-8"?>
<!-- Generated by org.testng.reporters.JUnitXMLReporter -->
<testsuite hostname="DESKTOP-1TNSHNN" ignored="0" name="Default test" tests="4" failures="0" timestamp="2020-01-22T09:48:05 IST" time="0.224" errors="0">
  <testcase name="test1" time="0.048" classname="testNgLearning.GroupsInTesting"/>
  <testcase name="test2" time="0.005" classname="testNgLearning.GroupsInTesting"/>
  <testcase name="test3" time="0.005" classname="testNgLearning.GroupsInTesting"/>
  <testcase name="test4" time="0.004" classname="testNgLearning.GroupsInTesting"/>
</testsuite> <!-- Default test -->
