<?xml version="1.0" encoding="UTF-8"?>
<testng-results skipped="0" failed="0" ignored="0" total="1" passed="1">
  <reporter-output>
  </reporter-output>
  <suite name="Default suite" duration-ms="6454" started-at="2020-01-28T08:34:17 IST" finished-at="2020-01-28T08:34:23 IST">
    <groups>
    </groups>
    <test name="Default test" duration-ms="6454" started-at="2020-01-28T08:34:17 IST" finished-at="2020-01-28T08:34:23 IST">
      <class name="com.visionit.freecrm.hybridframework.testcases.LoginPageTest">
        <test-method status="PASS" signature="init()[pri:0, instance:com.visionit.freecrm.hybridframework.testcases.LoginPageTest@32709393]" name="init" is-config="true" duration-ms="27419" started-at="2020-01-28T08:33:50 IST" finished-at="2020-01-28T08:34:17 IST">
          <reporter-output>
          </reporter-output>
        </test-method> <!-- init -->
        <test-method status="PASS" signature="setUp()[pri:0, instance:com.visionit.freecrm.hybridframework.testcases.LoginPageTest@32709393]" name="setUp" is-config="true" duration-ms="142" started-at="2020-01-28T08:34:17 IST" finished-at="2020-01-28T08:34:17 IST">
          <reporter-output>
          </reporter-output>
        </test-method> <!-- setUp -->
        <test-method status="PASS" signature="verifyLoginTest()[pri:0, instance:com.visionit.freecrm.hybridframework.testcases.LoginPageTest@32709393]" name="verifyLoginTest" duration-ms="4704" started-at="2020-01-28T08:34:17 IST" finished-at="2020-01-28T08:34:22 IST">
          <reporter-output>
          </reporter-output>
        </test-method> <!-- verifyLoginTest -->
        <test-method status="PASS" signature="tearDown()[pri:0, instance:com.visionit.freecrm.hybridframework.testcases.LoginPageTest@32709393]" name="tearDown" is-config="true" duration-ms="1511" started-at="2020-01-28T08:34:22 IST" finished-at="2020-01-28T08:34:23 IST">
          <reporter-output>
          </reporter-output>
        </test-method> <!-- tearDown -->
      </class> <!-- com.visionit.freecrm.hybridframework.testcases.LoginPageTest -->
    </test> <!-- Default test -->
  </suite> <!-- Default suite -->
</testng-results>
