<?xml version="1.0" encoding="UTF-8"?>
<!-- Generated by org.testng.reporters.JUnitXMLReporter -->
<testsuite hostname="DESKTOP-1TNSHNN" ignored="3" name="Test" tests="1" failures="0" timestamp="2020-01-22T13:34:59 IST" time="0.11" errors="0">
  <testcase name="test4" time="0.019" classname="testNgLearning.GroupsInTesting"/>
  <testcase name="test3" time="0.0" classname="testNgLearning.GroupsInTesting">
    <ignored/>
  </testcase> <!-- test3 -->
  <testcase name="test2" time="0.0" classname="testNgLearning.GroupsInTesting">
    <ignored/>
  </testcase> <!-- test2 -->
  <testcase name="test1" time="0.0" classname="testNgLearning.GroupsInTesting">
    <ignored/>
  </testcase> <!-- test1 -->
</testsuite> <!-- Test -->
